State 1 conflicts: 1 shift/reduce
State 28 conflicts: 1 shift/reduce
State 31 conflicts: 1 shift/reduce


Grammar

    0 $accept: program $end

    1 program: exp

    2 exp: LPAREN seqexp RPAREN
    3    | LET decs IN seqexp END
    4    | lvalue ASSIGN exp
    5    | IF exp THEN exp
    6    | IF exp THEN exp ELSE exp
    7    | WHILE exp DO exp
    8    | FOR ID ASSIGN exp TO exp DO exp
    9    | BREAK
   10    | lvalue
   11    | NIL
   12    | INT
   13    | STRING
   14    | MINUS exp
   15    | ID LPAREN args RPAREN
   16    | exp PLUS exp
   17    | exp MINUS exp
   18    | exp TIMES exp
   19    | exp DIVIDE exp
   20    | exp EQ exp
   21    | exp NEQ exp
   22    | exp LT exp
   23    | exp GT exp
   24    | exp LE exp
   25    | exp GE exp
   26    | exp AND exp
   27    | exp OR exp
   28    | ID LBRACE recorditems RBRACE
   29    | ID LBRACK exp RBRACK OF exp

   30 exps: exp
   31     | exp SEMICOLON exps
   32     | %empty

   33 seqexp: exps

   34 recorditem: ID EQ exp

   35 recorditems: recorditem
   36            | recorditem COMMA recorditems
   37            | %empty

   38 args: exp
   39     | exp COMMA args
   40     | %empty

   41 tyfield: ID COLON ID

   42 tyfields: tyfield
   43         | tyfield COMMA tyfields
   44         | %empty

   45 ty: ID
   46   | LBRACE tyfields RBRACE
   47   | ARRAY OF ID

   48 tydec: TYPE ID EQ ty

   49 tydecs: tydec
   50       | tydec tydecs

   51 vardec: VAR ID ASSIGN exp
   52       | VAR ID COLON ID ASSIGN exp

   53 fundec: FUNCTION ID LPAREN tyfields RPAREN EQ exp
   54       | FUNCTION ID LPAREN tyfields RPAREN COLON ID EQ exp

   55 fundecs: fundec
   56        | fundec fundecs

   57 dec: tydecs
   58    | vardec
   59    | fundecs

   60 decs: dec
   61     | dec decs

   62 lvalue: ID
   63       | ID LBRACK exp RBRACK
   64       | lvalue DOT ID
   65       | lvalue LBRACK exp RBRACK


Terminals, with rules where they appear

$end (0) 0
error (256)
ID <sval> (258) 8 15 28 29 34 41 45 47 48 51 52 53 54 62 63 64
STRING <sval> (259) 13
INT <ival> (260) 12
COMMA (261) 36 39 43
COLON (262) 41 52 54
SEMICOLON (263) 31
LPAREN (264) 2 15 53 54
RPAREN (265) 2 15 53 54
LBRACK (266) 29 63 65
RBRACK (267) 29 63 65
LBRACE (268) 28 46
RBRACE (269) 28 46
DOT (270) 64
PLUS (271) 16
MINUS (272) 14 17
TIMES (273) 18
DIVIDE (274) 19
EQ (275) 20 34 48 53 54
NEQ (276) 21
LT (277) 22
LE (278) 24
GT (279) 23
GE (280) 25
AND (281) 26
OR (282) 27
ASSIGN (283) 4 8 51 52
ARRAY (284) 47
IF (285) 5 6
THEN (286) 5 6
ELSE (287) 6
WHILE (288) 7
FOR (289) 8
TO (290) 8
DO (291) 7 8
LET (292) 3
IN (293) 3
END (294) 3
OF (295) 29 47
BREAK (296) 9
NIL (297) 11
FUNCTION (298) 53 54
VAR (299) 51 52
TYPE (300) 48
UMINUS (301)


Nonterminals, with rules where they appear

$accept (47)
    on left: 0
program <exp> (48)
    on left: 1, on right: 0
exp <exp> (49)
    on left: 2 3 4 5 6 7 8 9 10 11 12 13 14 15 16 17 18 19 20 21 22
    23 24 25 26 27 28 29, on right: 1 4 5 6 7 8 14 16 17 18 19 20 21
    22 23 24 25 26 27 29 30 31 34 38 39 51 52 53 54 63 65
exps <expList> (50)
    on left: 30 31 32, on right: 31 33
seqexp <exp> (51)
    on left: 33, on right: 2 3
recorditem <efield> (52)
    on left: 34, on right: 35 36
recorditems <efieldList> (53)
    on left: 35 36 37, on right: 28 36
args <expList> (54)
    on left: 38 39 40, on right: 15 39
tyfield <field> (55)
    on left: 41, on right: 42 43
tyfields <fieldList> (56)
    on left: 42 43 44, on right: 43 46 53 54
ty <ty> (57)
    on left: 45 46 47, on right: 48
tydec <namety> (58)
    on left: 48, on right: 49 50
tydecs <nametyList> (59)
    on left: 49 50, on right: 50 57
vardec <dec> (60)
    on left: 51 52, on right: 58
fundec <fundec> (61)
    on left: 53 54, on right: 55 56
fundecs <fundecList> (62)
    on left: 55 56, on right: 56 59
dec <dec> (63)
    on left: 57 58 59, on right: 60 61
decs <decList> (64)
    on left: 60 61, on right: 3 61
lvalue <var> (65)
    on left: 62 63 64 65, on right: 4 10 64 65


State 0

    0 $accept: . program $end

    ID      shift, and go to state 1
    STRING  shift, and go to state 2
    INT     shift, and go to state 3
    LPAREN  shift, and go to state 4
    MINUS   shift, and go to state 5
    IF      shift, and go to state 6
    WHILE   shift, and go to state 7
    FOR     shift, and go to state 8
    LET     shift, and go to state 9
    BREAK   shift, and go to state 10
    NIL     shift, and go to state 11

    program  go to state 12
    exp      go to state 13
    lvalue   go to state 14


State 1

   15 exp: ID . LPAREN args RPAREN
   28    | ID . LBRACE recorditems RBRACE
   29    | ID . LBRACK exp RBRACK OF exp
   62 lvalue: ID .
   63       | ID . LBRACK exp RBRACK

    LPAREN  shift, and go to state 15
    LBRACK  shift, and go to state 16
    LBRACE  shift, and go to state 17

    LBRACK    [reduce using rule 62 (lvalue)]
    $default  reduce using rule 62 (lvalue)


State 2

   13 exp: STRING .

    $default  reduce using rule 13 (exp)


State 3

   12 exp: INT .

    $default  reduce using rule 12 (exp)


State 4

    2 exp: LPAREN . seqexp RPAREN

    ID      shift, and go to state 1
    STRING  shift, and go to state 2
    INT     shift, and go to state 3
    LPAREN  shift, and go to state 4
    MINUS   shift, and go to state 5
    IF      shift, and go to state 6
    WHILE   shift, and go to state 7
    FOR     shift, and go to state 8
    LET     shift, and go to state 9
    BREAK   shift, and go to state 10
    NIL     shift, and go to state 11

    $default  reduce using rule 32 (exps)

    exp     go to state 18
    exps    go to state 19
    seqexp  go to state 20
    lvalue  go to state 14


State 5

   14 exp: MINUS . exp

    ID      shift, and go to state 1
    STRING  shift, and go to state 2
    INT     shift, and go to state 3
    LPAREN  shift, and go to state 4
    MINUS   shift, and go to state 5
    IF      shift, and go to state 6
    WHILE   shift, and go to state 7
    FOR     shift, and go to state 8
    LET     shift, and go to state 9
    BREAK   shift, and go to state 10
    NIL     shift, and go to state 11

    exp     go to state 21
    lvalue  go to state 14


State 6

    5 exp: IF . exp THEN exp
    6    | IF . exp THEN exp ELSE exp

    ID      shift, and go to state 1
    STRING  shift, and go to state 2
    INT     shift, and go to state 3
    LPAREN  shift, and go to state 4
    MINUS   shift, and go to state 5
    IF      shift, and go to state 6
    WHILE   shift, and go to state 7
    FOR     shift, and go to state 8
    LET     shift, and go to state 9
    BREAK   shift, and go to state 10
    NIL     shift, and go to state 11

    exp     go to state 22
    lvalue  go to state 14


State 7

    7 exp: WHILE . exp DO exp

    ID      shift, and go to state 1
    STRING  shift, and go to state 2
    INT     shift, and go to state 3
    LPAREN  shift, and go to state 4
    MINUS   shift, and go to state 5
    IF      shift, and go to state 6
    WHILE   shift, and go to state 7
    FOR     shift, and go to state 8
    LET     shift, and go to state 9
    BREAK   shift, and go to state 10
    NIL     shift, and go to state 11

    exp     go to state 23
    lvalue  go to state 14


State 8

    8 exp: FOR . ID ASSIGN exp TO exp DO exp

    ID  shift, and go to state 24


State 9

    3 exp: LET . decs IN seqexp END

    FUNCTION  shift, and go to state 25
    VAR       shift, and go to state 26
    TYPE      shift, and go to state 27

    tydec    go to state 28
    tydecs   go to state 29
    vardec   go to state 30
    fundec   go to state 31
    fundecs  go to state 32
    dec      go to state 33
    decs     go to state 34


State 10

    9 exp: BREAK .

    $default  reduce using rule 9 (exp)


State 11

   11 exp: NIL .

    $default  reduce using rule 11 (exp)


State 12

    0 $accept: program . $end

    $end  shift, and go to state 35


State 13

    1 program: exp .
   16 exp: exp . PLUS exp
   17    | exp . MINUS exp
   18    | exp . TIMES exp
   19    | exp . DIVIDE exp
   20    | exp . EQ exp
   21    | exp . NEQ exp
   22    | exp . LT exp
   23    | exp . GT exp
   24    | exp . LE exp
   25    | exp . GE exp
   26    | exp . AND exp
   27    | exp . OR exp

    PLUS    shift, and go to state 36
    MINUS   shift, and go to state 37
    TIMES   shift, and go to state 38
    DIVIDE  shift, and go to state 39
    EQ      shift, and go to state 40
    NEQ     shift, and go to state 41
    LT      shift, and go to state 42
    LE      shift, and go to state 43
    GT      shift, and go to state 44
    GE      shift, and go to state 45
    AND     shift, and go to state 46
    OR      shift, and go to state 47

    $default  reduce using rule 1 (program)


State 14

    4 exp: lvalue . ASSIGN exp
   10    | lvalue .
   64 lvalue: lvalue . DOT ID
   65       | lvalue . LBRACK exp RBRACK

    LBRACK  shift, and go to state 48
    DOT     shift, and go to state 49
    ASSIGN  shift, and go to state 50

    $default  reduce using rule 10 (exp)


State 15

   15 exp: ID LPAREN . args RPAREN

    ID      shift, and go to state 1
    STRING  shift, and go to state 2
    INT     shift, and go to state 3
    LPAREN  shift, and go to state 4
    MINUS   shift, and go to state 5
    IF      shift, and go to state 6
    WHILE   shift, and go to state 7
    FOR     shift, and go to state 8
    LET     shift, and go to state 9
    BREAK   shift, and go to state 10
    NIL     shift, and go to state 11

    $default  reduce using rule 40 (args)

    exp     go to state 51
    args    go to state 52
    lvalue  go to state 14


State 16

   29 exp: ID LBRACK . exp RBRACK OF exp
   63 lvalue: ID LBRACK . exp RBRACK

    ID      shift, and go to state 1
    STRING  shift, and go to state 2
    INT     shift, and go to state 3
    LPAREN  shift, and go to state 4
    MINUS   shift, and go to state 5
    IF      shift, and go to state 6
    WHILE   shift, and go to state 7
    FOR     shift, and go to state 8
    LET     shift, and go to state 9
    BREAK   shift, and go to state 10
    NIL     shift, and go to state 11

    exp     go to state 53
    lvalue  go to state 14


State 17

   28 exp: ID LBRACE . recorditems RBRACE

    ID  shift, and go to state 54

    $default  reduce using rule 37 (recorditems)

    recorditem   go to state 55
    recorditems  go to state 56


State 18

   16 exp: exp . PLUS exp
   17    | exp . MINUS exp
   18    | exp . TIMES exp
   19    | exp . DIVIDE exp
   20    | exp . EQ exp
   21    | exp . NEQ exp
   22    | exp . LT exp
   23    | exp . GT exp
   24    | exp . LE exp
   25    | exp . GE exp
   26    | exp . AND exp
   27    | exp . OR exp
   30 exps: exp .
   31     | exp . SEMICOLON exps

    SEMICOLON  shift, and go to state 57
    PLUS       shift, and go to state 36
    MINUS      shift, and go to state 37
    TIMES      shift, and go to state 38
    DIVIDE     shift, and go to state 39
    EQ         shift, and go to state 40
    NEQ        shift, and go to state 41
    LT         shift, and go to state 42
    LE         shift, and go to state 43
    GT         shift, and go to state 44
    GE         shift, and go to state 45
    AND        shift, and go to state 46
    OR         shift, and go to state 47

    $default  reduce using rule 30 (exps)


State 19

   33 seqexp: exps .

    $default  reduce using rule 33 (seqexp)


State 20

    2 exp: LPAREN seqexp . RPAREN

    RPAREN  shift, and go to state 58


State 21

   14 exp: MINUS exp .
   16    | exp . PLUS exp
   17    | exp . MINUS exp
   18    | exp . TIMES exp
   19    | exp . DIVIDE exp
   20    | exp . EQ exp
   21    | exp . NEQ exp
   22    | exp . LT exp
   23    | exp . GT exp
   24    | exp . LE exp
   25    | exp . GE exp
   26    | exp . AND exp
   27    | exp . OR exp

    $default  reduce using rule 14 (exp)


State 22

    5 exp: IF exp . THEN exp
    6    | IF exp . THEN exp ELSE exp
   16    | exp . PLUS exp
   17    | exp . MINUS exp
   18    | exp . TIMES exp
   19    | exp . DIVIDE exp
   20    | exp . EQ exp
   21    | exp . NEQ exp
   22    | exp . LT exp
   23    | exp . GT exp
   24    | exp . LE exp
   25    | exp . GE exp
   26    | exp . AND exp
   27    | exp . OR exp

    PLUS    shift, and go to state 36
    MINUS   shift, and go to state 37
    TIMES   shift, and go to state 38
    DIVIDE  shift, and go to state 39
    EQ      shift, and go to state 40
    NEQ     shift, and go to state 41
    LT      shift, and go to state 42
    LE      shift, and go to state 43
    GT      shift, and go to state 44
    GE      shift, and go to state 45
    AND     shift, and go to state 46
    OR      shift, and go to state 47
    THEN    shift, and go to state 59


State 23

    7 exp: WHILE exp . DO exp
   16    | exp . PLUS exp
   17    | exp . MINUS exp
   18    | exp . TIMES exp
   19    | exp . DIVIDE exp
   20    | exp . EQ exp
   21    | exp . NEQ exp
   22    | exp . LT exp
   23    | exp . GT exp
   24    | exp . LE exp
   25    | exp . GE exp
   26    | exp . AND exp
   27    | exp . OR exp

    PLUS    shift, and go to state 36
    MINUS   shift, and go to state 37
    TIMES   shift, and go to state 38
    DIVIDE  shift, and go to state 39
    EQ      shift, and go to state 40
    NEQ     shift, and go to state 41
    LT      shift, and go to state 42
    LE      shift, and go to state 43
    GT      shift, and go to state 44
    GE      shift, and go to state 45
    AND     shift, and go to state 46
    OR      shift, and go to state 47
    DO      shift, and go to state 60


State 24

    8 exp: FOR ID . ASSIGN exp TO exp DO exp

    ASSIGN  shift, and go to state 61


State 25

   53 fundec: FUNCTION . ID LPAREN tyfields RPAREN EQ exp
   54       | FUNCTION . ID LPAREN tyfields RPAREN COLON ID EQ exp

    ID  shift, and go to state 62


State 26

   51 vardec: VAR . ID ASSIGN exp
   52       | VAR . ID COLON ID ASSIGN exp

    ID  shift, and go to state 63


State 27

   48 tydec: TYPE . ID EQ ty

    ID  shift, and go to state 64


State 28

   49 tydecs: tydec .
   50       | tydec . tydecs

    TYPE  shift, and go to state 27

    TYPE      [reduce using rule 49 (tydecs)]
    $default  reduce using rule 49 (tydecs)

    tydec   go to state 28
    tydecs  go to state 65


State 29

   57 dec: tydecs .

    $default  reduce using rule 57 (dec)


State 30

   58 dec: vardec .

    $default  reduce using rule 58 (dec)


State 31

   55 fundecs: fundec .
   56        | fundec . fundecs

    FUNCTION  shift, and go to state 25

    FUNCTION  [reduce using rule 55 (fundecs)]
    $default  reduce using rule 55 (fundecs)

    fundec   go to state 31
    fundecs  go to state 66


State 32

   59 dec: fundecs .

    $default  reduce using rule 59 (dec)


State 33

   60 decs: dec .
   61     | dec . decs

    FUNCTION  shift, and go to state 25
    VAR       shift, and go to state 26
    TYPE      shift, and go to state 27

    $default  reduce using rule 60 (decs)

    tydec    go to state 28
    tydecs   go to state 29
    vardec   go to state 30
    fundec   go to state 31
    fundecs  go to state 32
    dec      go to state 33
    decs     go to state 67


State 34

    3 exp: LET decs . IN seqexp END

    IN  shift, and go to state 68


State 35

    0 $accept: program $end .

    $default  accept


State 36

   16 exp: exp PLUS . exp

    ID      shift, and go to state 1
    STRING  shift, and go to state 2
    INT     shift, and go to state 3
    LPAREN  shift, and go to state 4
    MINUS   shift, and go to state 5
    IF      shift, and go to state 6
    WHILE   shift, and go to state 7
    FOR     shift, and go to state 8
    LET     shift, and go to state 9
    BREAK   shift, and go to state 10
    NIL     shift, and go to state 11

    exp     go to state 69
    lvalue  go to state 14


State 37

   17 exp: exp MINUS . exp

    ID      shift, and go to state 1
    STRING  shift, and go to state 2
    INT     shift, and go to state 3
    LPAREN  shift, and go to state 4
    MINUS   shift, and go to state 5
    IF      shift, and go to state 6
    WHILE   shift, and go to state 7
    FOR     shift, and go to state 8
    LET     shift, and go to state 9
    BREAK   shift, and go to state 10
    NIL     shift, and go to state 11

    exp     go to state 70
    lvalue  go to state 14


State 38

   18 exp: exp TIMES . exp

    ID      shift, and go to state 1
    STRING  shift, and go to state 2
    INT     shift, and go to state 3
    LPAREN  shift, and go to state 4
    MINUS   shift, and go to state 5
    IF      shift, and go to state 6
    WHILE   shift, and go to state 7
    FOR     shift, and go to state 8
    LET     shift, and go to state 9
    BREAK   shift, and go to state 10
    NIL     shift, and go to state 11

    exp     go to state 71
    lvalue  go to state 14


State 39

   19 exp: exp DIVIDE . exp

    ID      shift, and go to state 1
    STRING  shift, and go to state 2
    INT     shift, and go to state 3
    LPAREN  shift, and go to state 4
    MINUS   shift, and go to state 5
    IF      shift, and go to state 6
    WHILE   shift, and go to state 7
    FOR     shift, and go to state 8
    LET     shift, and go to state 9
    BREAK   shift, and go to state 10
    NIL     shift, and go to state 11

    exp     go to state 72
    lvalue  go to state 14


State 40

   20 exp: exp EQ . exp

    ID      shift, and go to state 1
    STRING  shift, and go to state 2
    INT     shift, and go to state 3
    LPAREN  shift, and go to state 4
    MINUS   shift, and go to state 5
    IF      shift, and go to state 6
    WHILE   shift, and go to state 7
    FOR     shift, and go to state 8
    LET     shift, and go to state 9
    BREAK   shift, and go to state 10
    NIL     shift, and go to state 11

    exp     go to state 73
    lvalue  go to state 14


State 41

   21 exp: exp NEQ . exp

    ID      shift, and go to state 1
    STRING  shift, and go to state 2
    INT     shift, and go to state 3
    LPAREN  shift, and go to state 4
    MINUS   shift, and go to state 5
    IF      shift, and go to state 6
    WHILE   shift, and go to state 7
    FOR     shift, and go to state 8
    LET     shift, and go to state 9
    BREAK   shift, and go to state 10
    NIL     shift, and go to state 11

    exp     go to state 74
    lvalue  go to state 14


State 42

   22 exp: exp LT . exp

    ID      shift, and go to state 1
    STRING  shift, and go to state 2
    INT     shift, and go to state 3
    LPAREN  shift, and go to state 4
    MINUS   shift, and go to state 5
    IF      shift, and go to state 6
    WHILE   shift, and go to state 7
    FOR     shift, and go to state 8
    LET     shift, and go to state 9
    BREAK   shift, and go to state 10
    NIL     shift, and go to state 11

    exp     go to state 75
    lvalue  go to state 14


State 43

   24 exp: exp LE . exp

    ID      shift, and go to state 1
    STRING  shift, and go to state 2
    INT     shift, and go to state 3
    LPAREN  shift, and go to state 4
    MINUS   shift, and go to state 5
    IF      shift, and go to state 6
    WHILE   shift, and go to state 7
    FOR     shift, and go to state 8
    LET     shift, and go to state 9
    BREAK   shift, and go to state 10
    NIL     shift, and go to state 11

    exp     go to state 76
    lvalue  go to state 14


State 44

   23 exp: exp GT . exp

    ID      shift, and go to state 1
    STRING  shift, and go to state 2
    INT     shift, and go to state 3
    LPAREN  shift, and go to state 4
    MINUS   shift, and go to state 5
    IF      shift, and go to state 6
    WHILE   shift, and go to state 7
    FOR     shift, and go to state 8
    LET     shift, and go to state 9
    BREAK   shift, and go to state 10
    NIL     shift, and go to state 11

    exp     go to state 77
    lvalue  go to state 14


State 45

   25 exp: exp GE . exp

    ID      shift, and go to state 1
    STRING  shift, and go to state 2
    INT     shift, and go to state 3
    LPAREN  shift, and go to state 4
    MINUS   shift, and go to state 5
    IF      shift, and go to state 6
    WHILE   shift, and go to state 7
    FOR     shift, and go to state 8
    LET     shift, and go to state 9
    BREAK   shift, and go to state 10
    NIL     shift, and go to state 11

    exp     go to state 78
    lvalue  go to state 14


State 46

   26 exp: exp AND . exp

    ID      shift, and go to state 1
    STRING  shift, and go to state 2
    INT     shift, and go to state 3
    LPAREN  shift, and go to state 4
    MINUS   shift, and go to state 5
    IF      shift, and go to state 6
    WHILE   shift, and go to state 7
    FOR     shift, and go to state 8
    LET     shift, and go to state 9
    BREAK   shift, and go to state 10
    NIL     shift, and go to state 11

    exp     go to state 79
    lvalue  go to state 14


State 47

   27 exp: exp OR . exp

    ID      shift, and go to state 1
    STRING  shift, and go to state 2
    INT     shift, and go to state 3
    LPAREN  shift, and go to state 4
    MINUS   shift, and go to state 5
    IF      shift, and go to state 6
    WHILE   shift, and go to state 7
    FOR     shift, and go to state 8
    LET     shift, and go to state 9
    BREAK   shift, and go to state 10
    NIL     shift, and go to state 11

    exp     go to state 80
    lvalue  go to state 14


State 48

   65 lvalue: lvalue LBRACK . exp RBRACK

    ID      shift, and go to state 1
    STRING  shift, and go to state 2
    INT     shift, and go to state 3
    LPAREN  shift, and go to state 4
    MINUS   shift, and go to state 5
    IF      shift, and go to state 6
    WHILE   shift, and go to state 7
    FOR     shift, and go to state 8
    LET     shift, and go to state 9
    BREAK   shift, and go to state 10
    NIL     shift, and go to state 11

    exp     go to state 81
    lvalue  go to state 14


State 49

   64 lvalue: lvalue DOT . ID

    ID  shift, and go to state 82


State 50

    4 exp: lvalue ASSIGN . exp

    ID      shift, and go to state 1
    STRING  shift, and go to state 2
    INT     shift, and go to state 3
    LPAREN  shift, and go to state 4
    MINUS   shift, and go to state 5
    IF      shift, and go to state 6
    WHILE   shift, and go to state 7
    FOR     shift, and go to state 8
    LET     shift, and go to state 9
    BREAK   shift, and go to state 10
    NIL     shift, and go to state 11

    exp     go to state 83
    lvalue  go to state 14


State 51

   16 exp: exp . PLUS exp
   17    | exp . MINUS exp
   18    | exp . TIMES exp
   19    | exp . DIVIDE exp
   20    | exp . EQ exp
   21    | exp . NEQ exp
   22    | exp . LT exp
   23    | exp . GT exp
   24    | exp . LE exp
   25    | exp . GE exp
   26    | exp . AND exp
   27    | exp . OR exp
   38 args: exp .
   39     | exp . COMMA args

    COMMA   shift, and go to state 84
    PLUS    shift, and go to state 36
    MINUS   shift, and go to state 37
    TIMES   shift, and go to state 38
    DIVIDE  shift, and go to state 39
    EQ      shift, and go to state 40
    NEQ     shift, and go to state 41
    LT      shift, and go to state 42
    LE      shift, and go to state 43
    GT      shift, and go to state 44
    GE      shift, and go to state 45
    AND     shift, and go to state 46
    OR      shift, and go to state 47

    $default  reduce using rule 38 (args)


State 52

   15 exp: ID LPAREN args . RPAREN

    RPAREN  shift, and go to state 85


State 53

   16 exp: exp . PLUS exp
   17    | exp . MINUS exp
   18    | exp . TIMES exp
   19    | exp . DIVIDE exp
   20    | exp . EQ exp
   21    | exp . NEQ exp
   22    | exp . LT exp
   23    | exp . GT exp
   24    | exp . LE exp
   25    | exp . GE exp
   26    | exp . AND exp
   27    | exp . OR exp
   29    | ID LBRACK exp . RBRACK OF exp
   63 lvalue: ID LBRACK exp . RBRACK

    RBRACK  shift, and go to state 86
    PLUS    shift, and go to state 36
    MINUS   shift, and go to state 37
    TIMES   shift, and go to state 38
    DIVIDE  shift, and go to state 39
    EQ      shift, and go to state 40
    NEQ     shift, and go to state 41
    LT      shift, and go to state 42
    LE      shift, and go to state 43
    GT      shift, and go to state 44
    GE      shift, and go to state 45
    AND     shift, and go to state 46
    OR      shift, and go to state 47


State 54

   34 recorditem: ID . EQ exp

    EQ  shift, and go to state 87


State 55

   35 recorditems: recorditem .
   36            | recorditem . COMMA recorditems

    COMMA  shift, and go to state 88

    $default  reduce using rule 35 (recorditems)


State 56

   28 exp: ID LBRACE recorditems . RBRACE

    RBRACE  shift, and go to state 89


State 57

   31 exps: exp SEMICOLON . exps

    ID      shift, and go to state 1
    STRING  shift, and go to state 2
    INT     shift, and go to state 3
    LPAREN  shift, and go to state 4
    MINUS   shift, and go to state 5
    IF      shift, and go to state 6
    WHILE   shift, and go to state 7
    FOR     shift, and go to state 8
    LET     shift, and go to state 9
    BREAK   shift, and go to state 10
    NIL     shift, and go to state 11

    $default  reduce using rule 32 (exps)

    exp     go to state 18
    exps    go to state 90
    lvalue  go to state 14


State 58

    2 exp: LPAREN seqexp RPAREN .

    $default  reduce using rule 2 (exp)


State 59

    5 exp: IF exp THEN . exp
    6    | IF exp THEN . exp ELSE exp

    ID      shift, and go to state 1
    STRING  shift, and go to state 2
    INT     shift, and go to state 3
    LPAREN  shift, and go to state 4
    MINUS   shift, and go to state 5
    IF      shift, and go to state 6
    WHILE   shift, and go to state 7
    FOR     shift, and go to state 8
    LET     shift, and go to state 9
    BREAK   shift, and go to state 10
    NIL     shift, and go to state 11

    exp     go to state 91
    lvalue  go to state 14


State 60

    7 exp: WHILE exp DO . exp

    ID      shift, and go to state 1
    STRING  shift, and go to state 2
    INT     shift, and go to state 3
    LPAREN  shift, and go to state 4
    MINUS   shift, and go to state 5
    IF      shift, and go to state 6
    WHILE   shift, and go to state 7
    FOR     shift, and go to state 8
    LET     shift, and go to state 9
    BREAK   shift, and go to state 10
    NIL     shift, and go to state 11

    exp     go to state 92
    lvalue  go to state 14


State 61

    8 exp: FOR ID ASSIGN . exp TO exp DO exp

    ID      shift, and go to state 1
    STRING  shift, and go to state 2
    INT     shift, and go to state 3
    LPAREN  shift, and go to state 4
    MINUS   shift, and go to state 5
    IF      shift, and go to state 6
    WHILE   shift, and go to state 7
    FOR     shift, and go to state 8
    LET     shift, and go to state 9
    BREAK   shift, and go to state 10
    NIL     shift, and go to state 11

    exp     go to state 93
    lvalue  go to state 14


State 62

   53 fundec: FUNCTION ID . LPAREN tyfields RPAREN EQ exp
   54       | FUNCTION ID . LPAREN tyfields RPAREN COLON ID EQ exp

    LPAREN  shift, and go to state 94


State 63

   51 vardec: VAR ID . ASSIGN exp
   52       | VAR ID . COLON ID ASSIGN exp

    COLON   shift, and go to state 95
    ASSIGN  shift, and go to state 96


State 64

   48 tydec: TYPE ID . EQ ty

    EQ  shift, and go to state 97


State 65

   50 tydecs: tydec tydecs .

    $default  reduce using rule 50 (tydecs)


State 66

   56 fundecs: fundec fundecs .

    $default  reduce using rule 56 (fundecs)


State 67

   61 decs: dec decs .

    $default  reduce using rule 61 (decs)


State 68

    3 exp: LET decs IN . seqexp END

    ID      shift, and go to state 1
    STRING  shift, and go to state 2
    INT     shift, and go to state 3
    LPAREN  shift, and go to state 4
    MINUS   shift, and go to state 5
    IF      shift, and go to state 6
    WHILE   shift, and go to state 7
    FOR     shift, and go to state 8
    LET     shift, and go to state 9
    BREAK   shift, and go to state 10
    NIL     shift, and go to state 11

    $default  reduce using rule 32 (exps)

    exp     go to state 18
    exps    go to state 19
    seqexp  go to state 98
    lvalue  go to state 14


State 69

   16 exp: exp . PLUS exp
   16    | exp PLUS exp .
   17    | exp . MINUS exp
   18    | exp . TIMES exp
   19    | exp . DIVIDE exp
   20    | exp . EQ exp
   21    | exp . NEQ exp
   22    | exp . LT exp
   23    | exp . GT exp
   24    | exp . LE exp
   25    | exp . GE exp
   26    | exp . AND exp
   27    | exp . OR exp

    TIMES   shift, and go to state 38
    DIVIDE  shift, and go to state 39

    $default  reduce using rule 16 (exp)


State 70

   16 exp: exp . PLUS exp
   17    | exp . MINUS exp
   17    | exp MINUS exp .
   18    | exp . TIMES exp
   19    | exp . DIVIDE exp
   20    | exp . EQ exp
   21    | exp . NEQ exp
   22    | exp . LT exp
   23    | exp . GT exp
   24    | exp . LE exp
   25    | exp . GE exp
   26    | exp . AND exp
   27    | exp . OR exp

    TIMES   shift, and go to state 38
    DIVIDE  shift, and go to state 39

    $default  reduce using rule 17 (exp)


State 71

   16 exp: exp . PLUS exp
   17    | exp . MINUS exp
   18    | exp . TIMES exp
   18    | exp TIMES exp .
   19    | exp . DIVIDE exp
   20    | exp . EQ exp
   21    | exp . NEQ exp
   22    | exp . LT exp
   23    | exp . GT exp
   24    | exp . LE exp
   25    | exp . GE exp
   26    | exp . AND exp
   27    | exp . OR exp

    $default  reduce using rule 18 (exp)


State 72

   16 exp: exp . PLUS exp
   17    | exp . MINUS exp
   18    | exp . TIMES exp
   19    | exp . DIVIDE exp
   19    | exp DIVIDE exp .
   20    | exp . EQ exp
   21    | exp . NEQ exp
   22    | exp . LT exp
   23    | exp . GT exp
   24    | exp . LE exp
   25    | exp . GE exp
   26    | exp . AND exp
   27    | exp . OR exp

    $default  reduce using rule 19 (exp)


State 73

   16 exp: exp . PLUS exp
   17    | exp . MINUS exp
   18    | exp . TIMES exp
   19    | exp . DIVIDE exp
   20    | exp . EQ exp
   20    | exp EQ exp .
   21    | exp . NEQ exp
   22    | exp . LT exp
   23    | exp . GT exp
   24    | exp . LE exp
   25    | exp . GE exp
   26    | exp . AND exp
   27    | exp . OR exp

    PLUS    shift, and go to state 36
    MINUS   shift, and go to state 37
    TIMES   shift, and go to state 38
    DIVIDE  shift, and go to state 39

    EQ   error (nonassociative)
    NEQ  error (nonassociative)
    LT   error (nonassociative)
    LE   error (nonassociative)
    GT   error (nonassociative)
    GE   error (nonassociative)

    $default  reduce using rule 20 (exp)


State 74

   16 exp: exp . PLUS exp
   17    | exp . MINUS exp
   18    | exp . TIMES exp
   19    | exp . DIVIDE exp
   20    | exp . EQ exp
   21    | exp . NEQ exp
   21    | exp NEQ exp .
   22    | exp . LT exp
   23    | exp . GT exp
   24    | exp . LE exp
   25    | exp . GE exp
   26    | exp . AND exp
   27    | exp . OR exp

    PLUS    shift, and go to state 36
    MINUS   shift, and go to state 37
    TIMES   shift, and go to state 38
    DIVIDE  shift, and go to state 39

    EQ   error (nonassociative)
    NEQ  error (nonassociative)
    LT   error (nonassociative)
    LE   error (nonassociative)
    GT   error (nonassociative)
    GE   error (nonassociative)

    $default  reduce using rule 21 (exp)


State 75

   16 exp: exp . PLUS exp
   17    | exp . MINUS exp
   18    | exp . TIMES exp
   19    | exp . DIVIDE exp
   20    | exp . EQ exp
   21    | exp . NEQ exp
   22    | exp . LT exp
   22    | exp LT exp .
   23    | exp . GT exp
   24    | exp . LE exp
   25    | exp . GE exp
   26    | exp . AND exp
   27    | exp . OR exp

    PLUS    shift, and go to state 36
    MINUS   shift, and go to state 37
    TIMES   shift, and go to state 38
    DIVIDE  shift, and go to state 39

    EQ   error (nonassociative)
    NEQ  error (nonassociative)
    LT   error (nonassociative)
    LE   error (nonassociative)
    GT   error (nonassociative)
    GE   error (nonassociative)

    $default  reduce using rule 22 (exp)


State 76

   16 exp: exp . PLUS exp
   17    | exp . MINUS exp
   18    | exp . TIMES exp
   19    | exp . DIVIDE exp
   20    | exp . EQ exp
   21    | exp . NEQ exp
   22    | exp . LT exp
   23    | exp . GT exp
   24    | exp . LE exp
   24    | exp LE exp .
   25    | exp . GE exp
   26    | exp . AND exp
   27    | exp . OR exp

    PLUS    shift, and go to state 36
    MINUS   shift, and go to state 37
    TIMES   shift, and go to state 38
    DIVIDE  shift, and go to state 39

    EQ   error (nonassociative)
    NEQ  error (nonassociative)
    LT   error (nonassociative)
    LE   error (nonassociative)
    GT   error (nonassociative)
    GE   error (nonassociative)

    $default  reduce using rule 24 (exp)


State 77

   16 exp: exp . PLUS exp
   17    | exp . MINUS exp
   18    | exp . TIMES exp
   19    | exp . DIVIDE exp
   20    | exp . EQ exp
   21    | exp . NEQ exp
   22    | exp . LT exp
   23    | exp . GT exp
   23    | exp GT exp .
   24    | exp . LE exp
   25    | exp . GE exp
   26    | exp . AND exp
   27    | exp . OR exp

    PLUS    shift, and go to state 36
    MINUS   shift, and go to state 37
    TIMES   shift, and go to state 38
    DIVIDE  shift, and go to state 39

    EQ   error (nonassociative)
    NEQ  error (nonassociative)
    LT   error (nonassociative)
    LE   error (nonassociative)
    GT   error (nonassociative)
    GE   error (nonassociative)

    $default  reduce using rule 23 (exp)


State 78

   16 exp: exp . PLUS exp
   17    | exp . MINUS exp
   18    | exp . TIMES exp
   19    | exp . DIVIDE exp
   20    | exp . EQ exp
   21    | exp . NEQ exp
   22    | exp . LT exp
   23    | exp . GT exp
   24    | exp . LE exp
   25    | exp . GE exp
   25    | exp GE exp .
   26    | exp . AND exp
   27    | exp . OR exp

    PLUS    shift, and go to state 36
    MINUS   shift, and go to state 37
    TIMES   shift, and go to state 38
    DIVIDE  shift, and go to state 39

    EQ   error (nonassociative)
    NEQ  error (nonassociative)
    LT   error (nonassociative)
    LE   error (nonassociative)
    GT   error (nonassociative)
    GE   error (nonassociative)

    $default  reduce using rule 25 (exp)


State 79

   16 exp: exp . PLUS exp
   17    | exp . MINUS exp
   18    | exp . TIMES exp
   19    | exp . DIVIDE exp
   20    | exp . EQ exp
   21    | exp . NEQ exp
   22    | exp . LT exp
   23    | exp . GT exp
   24    | exp . LE exp
   25    | exp . GE exp
   26    | exp . AND exp
   26    | exp AND exp .
   27    | exp . OR exp

    PLUS    shift, and go to state 36
    MINUS   shift, and go to state 37
    TIMES   shift, and go to state 38
    DIVIDE  shift, and go to state 39
    EQ      shift, and go to state 40
    NEQ     shift, and go to state 41
    LT      shift, and go to state 42
    LE      shift, and go to state 43
    GT      shift, and go to state 44
    GE      shift, and go to state 45

    $default  reduce using rule 26 (exp)


State 80

   16 exp: exp . PLUS exp
   17    | exp . MINUS exp
   18    | exp . TIMES exp
   19    | exp . DIVIDE exp
   20    | exp . EQ exp
   21    | exp . NEQ exp
   22    | exp . LT exp
   23    | exp . GT exp
   24    | exp . LE exp
   25    | exp . GE exp
   26    | exp . AND exp
   27    | exp . OR exp
   27    | exp OR exp .

    PLUS    shift, and go to state 36
    MINUS   shift, and go to state 37
    TIMES   shift, and go to state 38
    DIVIDE  shift, and go to state 39
    EQ      shift, and go to state 40
    NEQ     shift, and go to state 41
    LT      shift, and go to state 42
    LE      shift, and go to state 43
    GT      shift, and go to state 44
    GE      shift, and go to state 45
    AND     shift, and go to state 46

    $default  reduce using rule 27 (exp)


State 81

   16 exp: exp . PLUS exp
   17    | exp . MINUS exp
   18    | exp . TIMES exp
   19    | exp . DIVIDE exp
   20    | exp . EQ exp
   21    | exp . NEQ exp
   22    | exp . LT exp
   23    | exp . GT exp
   24    | exp . LE exp
   25    | exp . GE exp
   26    | exp . AND exp
   27    | exp . OR exp
   65 lvalue: lvalue LBRACK exp . RBRACK

    RBRACK  shift, and go to state 99
    PLUS    shift, and go to state 36
    MINUS   shift, and go to state 37
    TIMES   shift, and go to state 38
    DIVIDE  shift, and go to state 39
    EQ      shift, and go to state 40
    NEQ     shift, and go to state 41
    LT      shift, and go to state 42
    LE      shift, and go to state 43
    GT      shift, and go to state 44
    GE      shift, and go to state 45
    AND     shift, and go to state 46
    OR      shift, and go to state 47


State 82

   64 lvalue: lvalue DOT ID .

    $default  reduce using rule 64 (lvalue)


State 83

    4 exp: lvalue ASSIGN exp .
   16    | exp . PLUS exp
   17    | exp . MINUS exp
   18    | exp . TIMES exp
   19    | exp . DIVIDE exp
   20    | exp . EQ exp
   21    | exp . NEQ exp
   22    | exp . LT exp
   23    | exp . GT exp
   24    | exp . LE exp
   25    | exp . GE exp
   26    | exp . AND exp
   27    | exp . OR exp

    PLUS    shift, and go to state 36
    MINUS   shift, and go to state 37
    TIMES   shift, and go to state 38
    DIVIDE  shift, and go to state 39
    EQ      shift, and go to state 40
    NEQ     shift, and go to state 41
    LT      shift, and go to state 42
    LE      shift, and go to state 43
    GT      shift, and go to state 44
    GE      shift, and go to state 45
    AND     shift, and go to state 46
    OR      shift, and go to state 47

    $default  reduce using rule 4 (exp)


State 84

   39 args: exp COMMA . args

    ID      shift, and go to state 1
    STRING  shift, and go to state 2
    INT     shift, and go to state 3
    LPAREN  shift, and go to state 4
    MINUS   shift, and go to state 5
    IF      shift, and go to state 6
    WHILE   shift, and go to state 7
    FOR     shift, and go to state 8
    LET     shift, and go to state 9
    BREAK   shift, and go to state 10
    NIL     shift, and go to state 11

    $default  reduce using rule 40 (args)

    exp     go to state 51
    args    go to state 100
    lvalue  go to state 14


State 85

   15 exp: ID LPAREN args RPAREN .

    $default  reduce using rule 15 (exp)


State 86

   29 exp: ID LBRACK exp RBRACK . OF exp
   63 lvalue: ID LBRACK exp RBRACK .

    OF  shift, and go to state 101

    $default  reduce using rule 63 (lvalue)


State 87

   34 recorditem: ID EQ . exp

    ID      shift, and go to state 1
    STRING  shift, and go to state 2
    INT     shift, and go to state 3
    LPAREN  shift, and go to state 4
    MINUS   shift, and go to state 5
    IF      shift, and go to state 6
    WHILE   shift, and go to state 7
    FOR     shift, and go to state 8
    LET     shift, and go to state 9
    BREAK   shift, and go to state 10
    NIL     shift, and go to state 11

    exp     go to state 102
    lvalue  go to state 14


State 88

   36 recorditems: recorditem COMMA . recorditems

    ID  shift, and go to state 54

    $default  reduce using rule 37 (recorditems)

    recorditem   go to state 55
    recorditems  go to state 103


State 89

   28 exp: ID LBRACE recorditems RBRACE .

    $default  reduce using rule 28 (exp)


State 90

   31 exps: exp SEMICOLON exps .

    $default  reduce using rule 31 (exps)


State 91

    5 exp: IF exp THEN exp .
    6    | IF exp THEN exp . ELSE exp
   16    | exp . PLUS exp
   17    | exp . MINUS exp
   18    | exp . TIMES exp
   19    | exp . DIVIDE exp
   20    | exp . EQ exp
   21    | exp . NEQ exp
   22    | exp . LT exp
   23    | exp . GT exp
   24    | exp . LE exp
   25    | exp . GE exp
   26    | exp . AND exp
   27    | exp . OR exp

    PLUS    shift, and go to state 36
    MINUS   shift, and go to state 37
    TIMES   shift, and go to state 38
    DIVIDE  shift, and go to state 39
    EQ      shift, and go to state 40
    NEQ     shift, and go to state 41
    LT      shift, and go to state 42
    LE      shift, and go to state 43
    GT      shift, and go to state 44
    GE      shift, and go to state 45
    AND     shift, and go to state 46
    OR      shift, and go to state 47
    ELSE    shift, and go to state 104

    $default  reduce using rule 5 (exp)


State 92

    7 exp: WHILE exp DO exp .
   16    | exp . PLUS exp
   17    | exp . MINUS exp
   18    | exp . TIMES exp
   19    | exp . DIVIDE exp
   20    | exp . EQ exp
   21    | exp . NEQ exp
   22    | exp . LT exp
   23    | exp . GT exp
   24    | exp . LE exp
   25    | exp . GE exp
   26    | exp . AND exp
   27    | exp . OR exp

    PLUS    shift, and go to state 36
    MINUS   shift, and go to state 37
    TIMES   shift, and go to state 38
    DIVIDE  shift, and go to state 39
    EQ      shift, and go to state 40
    NEQ     shift, and go to state 41
    LT      shift, and go to state 42
    LE      shift, and go to state 43
    GT      shift, and go to state 44
    GE      shift, and go to state 45
    AND     shift, and go to state 46
    OR      shift, and go to state 47

    $default  reduce using rule 7 (exp)


State 93

    8 exp: FOR ID ASSIGN exp . TO exp DO exp
   16    | exp . PLUS exp
   17    | exp . MINUS exp
   18    | exp . TIMES exp
   19    | exp . DIVIDE exp
   20    | exp . EQ exp
   21    | exp . NEQ exp
   22    | exp . LT exp
   23    | exp . GT exp
   24    | exp . LE exp
   25    | exp . GE exp
   26    | exp . AND exp
   27    | exp . OR exp

    PLUS    shift, and go to state 36
    MINUS   shift, and go to state 37
    TIMES   shift, and go to state 38
    DIVIDE  shift, and go to state 39
    EQ      shift, and go to state 40
    NEQ     shift, and go to state 41
    LT      shift, and go to state 42
    LE      shift, and go to state 43
    GT      shift, and go to state 44
    GE      shift, and go to state 45
    AND     shift, and go to state 46
    OR      shift, and go to state 47
    TO      shift, and go to state 105


State 94

   53 fundec: FUNCTION ID LPAREN . tyfields RPAREN EQ exp
   54       | FUNCTION ID LPAREN . tyfields RPAREN COLON ID EQ exp

    ID  shift, and go to state 106

    $default  reduce using rule 44 (tyfields)

    tyfield   go to state 107
    tyfields  go to state 108


State 95

   52 vardec: VAR ID COLON . ID ASSIGN exp

    ID  shift, and go to state 109


State 96

   51 vardec: VAR ID ASSIGN . exp

    ID      shift, and go to state 1
    STRING  shift, and go to state 2
    INT     shift, and go to state 3
    LPAREN  shift, and go to state 4
    MINUS   shift, and go to state 5
    IF      shift, and go to state 6
    WHILE   shift, and go to state 7
    FOR     shift, and go to state 8
    LET     shift, and go to state 9
    BREAK   shift, and go to state 10
    NIL     shift, and go to state 11

    exp     go to state 110
    lvalue  go to state 14


State 97

   48 tydec: TYPE ID EQ . ty

    ID      shift, and go to state 111
    LBRACE  shift, and go to state 112
    ARRAY   shift, and go to state 113

    ty  go to state 114


State 98

    3 exp: LET decs IN seqexp . END

    END  shift, and go to state 115


State 99

   65 lvalue: lvalue LBRACK exp RBRACK .

    $default  reduce using rule 65 (lvalue)


State 100

   39 args: exp COMMA args .

    $default  reduce using rule 39 (args)


State 101

   29 exp: ID LBRACK exp RBRACK OF . exp

    ID      shift, and go to state 1
    STRING  shift, and go to state 2
    INT     shift, and go to state 3
    LPAREN  shift, and go to state 4
    MINUS   shift, and go to state 5
    IF      shift, and go to state 6
    WHILE   shift, and go to state 7
    FOR     shift, and go to state 8
    LET     shift, and go to state 9
    BREAK   shift, and go to state 10
    NIL     shift, and go to state 11

    exp     go to state 116
    lvalue  go to state 14


State 102

   16 exp: exp . PLUS exp
   17    | exp . MINUS exp
   18    | exp . TIMES exp
   19    | exp . DIVIDE exp
   20    | exp . EQ exp
   21    | exp . NEQ exp
   22    | exp . LT exp
   23    | exp . GT exp
   24    | exp . LE exp
   25    | exp . GE exp
   26    | exp . AND exp
   27    | exp . OR exp
   34 recorditem: ID EQ exp .

    PLUS    shift, and go to state 36
    MINUS   shift, and go to state 37
    TIMES   shift, and go to state 38
    DIVIDE  shift, and go to state 39
    EQ      shift, and go to state 40
    NEQ     shift, and go to state 41
    LT      shift, and go to state 42
    LE      shift, and go to state 43
    GT      shift, and go to state 44
    GE      shift, and go to state 45
    AND     shift, and go to state 46
    OR      shift, and go to state 47

    $default  reduce using rule 34 (recorditem)


State 103

   36 recorditems: recorditem COMMA recorditems .

    $default  reduce using rule 36 (recorditems)


State 104

    6 exp: IF exp THEN exp ELSE . exp

    ID      shift, and go to state 1
    STRING  shift, and go to state 2
    INT     shift, and go to state 3
    LPAREN  shift, and go to state 4
    MINUS   shift, and go to state 5
    IF      shift, and go to state 6
    WHILE   shift, and go to state 7
    FOR     shift, and go to state 8
    LET     shift, and go to state 9
    BREAK   shift, and go to state 10
    NIL     shift, and go to state 11

    exp     go to state 117
    lvalue  go to state 14


State 105

    8 exp: FOR ID ASSIGN exp TO . exp DO exp

    ID      shift, and go to state 1
    STRING  shift, and go to state 2
    INT     shift, and go to state 3
    LPAREN  shift, and go to state 4
    MINUS   shift, and go to state 5
    IF      shift, and go to state 6
    WHILE   shift, and go to state 7
    FOR     shift, and go to state 8
    LET     shift, and go to state 9
    BREAK   shift, and go to state 10
    NIL     shift, and go to state 11

    exp     go to state 118
    lvalue  go to state 14


State 106

   41 tyfield: ID . COLON ID

    COLON  shift, and go to state 119


State 107

   42 tyfields: tyfield .
   43         | tyfield . COMMA tyfields

    COMMA  shift, and go to state 120

    $default  reduce using rule 42 (tyfields)


State 108

   53 fundec: FUNCTION ID LPAREN tyfields . RPAREN EQ exp
   54       | FUNCTION ID LPAREN tyfields . RPAREN COLON ID EQ exp

    RPAREN  shift, and go to state 121


State 109

   52 vardec: VAR ID COLON ID . ASSIGN exp

    ASSIGN  shift, and go to state 122


State 110

   16 exp: exp . PLUS exp
   17    | exp . MINUS exp
   18    | exp . TIMES exp
   19    | exp . DIVIDE exp
   20    | exp . EQ exp
   21    | exp . NEQ exp
   22    | exp . LT exp
   23    | exp . GT exp
   24    | exp . LE exp
   25    | exp . GE exp
   26    | exp . AND exp
   27    | exp . OR exp
   51 vardec: VAR ID ASSIGN exp .

    PLUS    shift, and go to state 36
    MINUS   shift, and go to state 37
    TIMES   shift, and go to state 38
    DIVIDE  shift, and go to state 39
    EQ      shift, and go to state 40
    NEQ     shift, and go to state 41
    LT      shift, and go to state 42
    LE      shift, and go to state 43
    GT      shift, and go to state 44
    GE      shift, and go to state 45
    AND     shift, and go to state 46
    OR      shift, and go to state 47

    $default  reduce using rule 51 (vardec)


State 111

   45 ty: ID .

    $default  reduce using rule 45 (ty)


State 112

   46 ty: LBRACE . tyfields RBRACE

    ID  shift, and go to state 106

    $default  reduce using rule 44 (tyfields)

    tyfield   go to state 107
    tyfields  go to state 123


State 113

   47 ty: ARRAY . OF ID

    OF  shift, and go to state 124


State 114

   48 tydec: TYPE ID EQ ty .

    $default  reduce using rule 48 (tydec)


State 115

    3 exp: LET decs IN seqexp END .

    $default  reduce using rule 3 (exp)


State 116

   16 exp: exp . PLUS exp
   17    | exp . MINUS exp
   18    | exp . TIMES exp
   19    | exp . DIVIDE exp
   20    | exp . EQ exp
   21    | exp . NEQ exp
   22    | exp . LT exp
   23    | exp . GT exp
   24    | exp . LE exp
   25    | exp . GE exp
   26    | exp . AND exp
   27    | exp . OR exp
   29    | ID LBRACK exp RBRACK OF exp .

    PLUS    shift, and go to state 36
    MINUS   shift, and go to state 37
    TIMES   shift, and go to state 38
    DIVIDE  shift, and go to state 39
    EQ      shift, and go to state 40
    NEQ     shift, and go to state 41
    LT      shift, and go to state 42
    LE      shift, and go to state 43
    GT      shift, and go to state 44
    GE      shift, and go to state 45
    AND     shift, and go to state 46
    OR      shift, and go to state 47

    $default  reduce using rule 29 (exp)


State 117

    6 exp: IF exp THEN exp ELSE exp .
   16    | exp . PLUS exp
   17    | exp . MINUS exp
   18    | exp . TIMES exp
   19    | exp . DIVIDE exp
   20    | exp . EQ exp
   21    | exp . NEQ exp
   22    | exp . LT exp
   23    | exp . GT exp
   24    | exp . LE exp
   25    | exp . GE exp
   26    | exp . AND exp
   27    | exp . OR exp

    PLUS    shift, and go to state 36
    MINUS   shift, and go to state 37
    TIMES   shift, and go to state 38
    DIVIDE  shift, and go to state 39
    EQ      shift, and go to state 40
    NEQ     shift, and go to state 41
    LT      shift, and go to state 42
    LE      shift, and go to state 43
    GT      shift, and go to state 44
    GE      shift, and go to state 45
    AND     shift, and go to state 46
    OR      shift, and go to state 47

    $default  reduce using rule 6 (exp)


State 118

    8 exp: FOR ID ASSIGN exp TO exp . DO exp
   16    | exp . PLUS exp
   17    | exp . MINUS exp
   18    | exp . TIMES exp
   19    | exp . DIVIDE exp
   20    | exp . EQ exp
   21    | exp . NEQ exp
   22    | exp . LT exp
   23    | exp . GT exp
   24    | exp . LE exp
   25    | exp . GE exp
   26    | exp . AND exp
   27    | exp . OR exp

    PLUS    shift, and go to state 36
    MINUS   shift, and go to state 37
    TIMES   shift, and go to state 38
    DIVIDE  shift, and go to state 39
    EQ      shift, and go to state 40
    NEQ     shift, and go to state 41
    LT      shift, and go to state 42
    LE      shift, and go to state 43
    GT      shift, and go to state 44
    GE      shift, and go to state 45
    AND     shift, and go to state 46
    OR      shift, and go to state 47
    DO      shift, and go to state 125


State 119

   41 tyfield: ID COLON . ID

    ID  shift, and go to state 126


State 120

   43 tyfields: tyfield COMMA . tyfields

    ID  shift, and go to state 106

    $default  reduce using rule 44 (tyfields)

    tyfield   go to state 107
    tyfields  go to state 127


State 121

   53 fundec: FUNCTION ID LPAREN tyfields RPAREN . EQ exp
   54       | FUNCTION ID LPAREN tyfields RPAREN . COLON ID EQ exp

    COLON  shift, and go to state 128
    EQ     shift, and go to state 129


State 122

   52 vardec: VAR ID COLON ID ASSIGN . exp

    ID      shift, and go to state 1
    STRING  shift, and go to state 2
    INT     shift, and go to state 3
    LPAREN  shift, and go to state 4
    MINUS   shift, and go to state 5
    IF      shift, and go to state 6
    WHILE   shift, and go to state 7
    FOR     shift, and go to state 8
    LET     shift, and go to state 9
    BREAK   shift, and go to state 10
    NIL     shift, and go to state 11

    exp     go to state 130
    lvalue  go to state 14


State 123

   46 ty: LBRACE tyfields . RBRACE

    RBRACE  shift, and go to state 131


State 124

   47 ty: ARRAY OF . ID

    ID  shift, and go to state 132


State 125

    8 exp: FOR ID ASSIGN exp TO exp DO . exp

    ID      shift, and go to state 1
    STRING  shift, and go to state 2
    INT     shift, and go to state 3
    LPAREN  shift, and go to state 4
    MINUS   shift, and go to state 5
    IF      shift, and go to state 6
    WHILE   shift, and go to state 7
    FOR     shift, and go to state 8
    LET     shift, and go to state 9
    BREAK   shift, and go to state 10
    NIL     shift, and go to state 11

    exp     go to state 133
    lvalue  go to state 14


State 126

   41 tyfield: ID COLON ID .

    $default  reduce using rule 41 (tyfield)


State 127

   43 tyfields: tyfield COMMA tyfields .

    $default  reduce using rule 43 (tyfields)


State 128

   54 fundec: FUNCTION ID LPAREN tyfields RPAREN COLON . ID EQ exp

    ID  shift, and go to state 134


State 129

   53 fundec: FUNCTION ID LPAREN tyfields RPAREN EQ . exp

    ID      shift, and go to state 1
    STRING  shift, and go to state 2
    INT     shift, and go to state 3
    LPAREN  shift, and go to state 4
    MINUS   shift, and go to state 5
    IF      shift, and go to state 6
    WHILE   shift, and go to state 7
    FOR     shift, and go to state 8
    LET     shift, and go to state 9
    BREAK   shift, and go to state 10
    NIL     shift, and go to state 11

    exp     go to state 135
    lvalue  go to state 14


State 130

   16 exp: exp . PLUS exp
   17    | exp . MINUS exp
   18    | exp . TIMES exp
   19    | exp . DIVIDE exp
   20    | exp . EQ exp
   21    | exp . NEQ exp
   22    | exp . LT exp
   23    | exp . GT exp
   24    | exp . LE exp
   25    | exp . GE exp
   26    | exp . AND exp
   27    | exp . OR exp
   52 vardec: VAR ID COLON ID ASSIGN exp .

    PLUS    shift, and go to state 36
    MINUS   shift, and go to state 37
    TIMES   shift, and go to state 38
    DIVIDE  shift, and go to state 39
    EQ      shift, and go to state 40
    NEQ     shift, and go to state 41
    LT      shift, and go to state 42
    LE      shift, and go to state 43
    GT      shift, and go to state 44
    GE      shift, and go to state 45
    AND     shift, and go to state 46
    OR      shift, and go to state 47

    $default  reduce using rule 52 (vardec)


State 131

   46 ty: LBRACE tyfields RBRACE .

    $default  reduce using rule 46 (ty)


State 132

   47 ty: ARRAY OF ID .

    $default  reduce using rule 47 (ty)


State 133

    8 exp: FOR ID ASSIGN exp TO exp DO exp .
   16    | exp . PLUS exp
   17    | exp . MINUS exp
   18    | exp . TIMES exp
   19    | exp . DIVIDE exp
   20    | exp . EQ exp
   21    | exp . NEQ exp
   22    | exp . LT exp
   23    | exp . GT exp
   24    | exp . LE exp
   25    | exp . GE exp
   26    | exp . AND exp
   27    | exp . OR exp

    PLUS    shift, and go to state 36
    MINUS   shift, and go to state 37
    TIMES   shift, and go to state 38
    DIVIDE  shift, and go to state 39
    EQ      shift, and go to state 40
    NEQ     shift, and go to state 41
    LT      shift, and go to state 42
    LE      shift, and go to state 43
    GT      shift, and go to state 44
    GE      shift, and go to state 45
    AND     shift, and go to state 46
    OR      shift, and go to state 47

    $default  reduce using rule 8 (exp)


State 134

   54 fundec: FUNCTION ID LPAREN tyfields RPAREN COLON ID . EQ exp

    EQ  shift, and go to state 136


State 135

   16 exp: exp . PLUS exp
   17    | exp . MINUS exp
   18    | exp . TIMES exp
   19    | exp . DIVIDE exp
   20    | exp . EQ exp
   21    | exp . NEQ exp
   22    | exp . LT exp
   23    | exp . GT exp
   24    | exp . LE exp
   25    | exp . GE exp
   26    | exp . AND exp
   27    | exp . OR exp
   53 fundec: FUNCTION ID LPAREN tyfields RPAREN EQ exp .

    PLUS    shift, and go to state 36
    MINUS   shift, and go to state 37
    TIMES   shift, and go to state 38
    DIVIDE  shift, and go to state 39
    EQ      shift, and go to state 40
    NEQ     shift, and go to state 41
    LT      shift, and go to state 42
    LE      shift, and go to state 43
    GT      shift, and go to state 44
    GE      shift, and go to state 45
    AND     shift, and go to state 46
    OR      shift, and go to state 47

    $default  reduce using rule 53 (fundec)


State 136

   54 fundec: FUNCTION ID LPAREN tyfields RPAREN COLON ID EQ . exp

    ID      shift, and go to state 1
    STRING  shift, and go to state 2
    INT     shift, and go to state 3
    LPAREN  shift, and go to state 4
    MINUS   shift, and go to state 5
    IF      shift, and go to state 6
    WHILE   shift, and go to state 7
    FOR     shift, and go to state 8
    LET     shift, and go to state 9
    BREAK   shift, and go to state 10
    NIL     shift, and go to state 11

    exp     go to state 137
    lvalue  go to state 14


State 137

   16 exp: exp . PLUS exp
   17    | exp . MINUS exp
   18    | exp . TIMES exp
   19    | exp . DIVIDE exp
   20    | exp . EQ exp
   21    | exp . NEQ exp
   22    | exp . LT exp
   23    | exp . GT exp
   24    | exp . LE exp
   25    | exp . GE exp
   26    | exp . AND exp
   27    | exp . OR exp
   54 fundec: FUNCTION ID LPAREN tyfields RPAREN COLON ID EQ exp .

    PLUS    shift, and go to state 36
    MINUS   shift, and go to state 37
    TIMES   shift, and go to state 38
    DIVIDE  shift, and go to state 39
    EQ      shift, and go to state 40
    NEQ     shift, and go to state 41
    LT      shift, and go to state 42
    LE      shift, and go to state 43
    GT      shift, and go to state 44
    GE      shift, and go to state 45
    AND     shift, and go to state 46
    OR      shift, and go to state 47

    $default  reduce using rule 54 (fundec)
